[debug] [2022-02-28T03:50:07.254Z] ----------------------------------------------------------------------
[debug] [2022-02-28T03:50:07.261Z] Command:       C:\Program Files\nodejs\node.exe C:\Users\jainish parmar\AppData\Roaming\npm\node_modules\firebase-tools\lib\bin\firebase.js deploy
[debug] [2022-02-28T03:50:07.262Z] CLI Version:   10.2.1
[debug] [2022-02-28T03:50:07.262Z] Platform:      win32
[debug] [2022-02-28T03:50:07.262Z] Node Version:  v16.13.1
[debug] [2022-02-28T03:50:07.268Z] Time:          Mon Feb 28 2022 09:20:07 GMT+0530 (India Standard Time)
[debug] [2022-02-28T03:50:07.268Z] ----------------------------------------------------------------------
[debug] 
[debug] [2022-02-28T03:50:07.272Z] >>> [apiv2][query] GET https://firebase-public.firebaseio.com/cli.json [none]
[debug] [2022-02-28T03:50:07.420Z] > command requires scopes: ["email","openid","https://www.googleapis.com/auth/cloudplatformprojects.readonly","https://www.googleapis.com/auth/firebase","https://www.googleapis.com/auth/cloud-platform"]
[debug] [2022-02-28T03:50:07.421Z] > authorizing via signed-in user (parmarjainish20@gmail.com)
[debug] [2022-02-28T03:50:07.421Z] [iam] checking project amzon-clone-da005 for permissions ["cloudfunctions.functions.create","cloudfunctions.functions.delete","cloudfunctions.functions.get","cloudfunctions.functions.list","cloudfunctions.functions.update","cloudfunctions.operations.get","firebase.projects.get","firebasehosting.sites.update"]
[debug] [2022-02-28T03:50:07.422Z] > refreshing access token with scopes: []
[debug] [2022-02-28T03:50:07.423Z] >>> HTTP REQUEST POST https://www.googleapis.com/oauth2/v3/token  
 <request body omitted>
[debug] [2022-02-28T03:50:07.896Z] <<< HTTP RESPONSE 200 {"pragma":"no-cache","cache-control":"no-cache, no-store, max-age=0, must-revalidate","date":"Mon, 28 Feb 2022 03:50:08 GMT","expires":"Mon, 01 Jan 1990 00:00:00 GMT","content-type":"application/json; charset=utf-8","vary":"X-Origin, Referer, Origin,Accept-Encoding","server":"scaffolding on HTTPServer2","x-xss-protection":"0","x-frame-options":"SAMEORIGIN","x-content-type-options":"nosniff","alt-svc":"h3=\":443\"; ma=2592000,h3-29=\":443\"; ma=2592000,h3-Q050=\":443\"; ma=2592000,h3-Q046=\":443\"; ma=2592000,h3-Q043=\":443\"; ma=2592000,quic=\":443\"; ma=2592000; v=\"46,43\"","accept-ranges":"none","transfer-encoding":"chunked"}
[debug] [2022-02-28T03:50:07.910Z] >>> [apiv2][query] POST https://cloudresourcemanager.googleapis.com/v1/projects/amzon-clone-da005:testIamPermissions [none]
[debug] [2022-02-28T03:50:07.910Z] >>> [apiv2][body] POST https://cloudresourcemanager.googleapis.com/v1/projects/amzon-clone-da005:testIamPermissions {"permissions":["cloudfunctions.functions.create","cloudfunctions.functions.delete","cloudfunctions.functions.get","cloudfunctions.functions.list","cloudfunctions.functions.update","cloudfunctions.operations.get","firebase.projects.get","firebasehosting.sites.update"]}
[debug] [2022-02-28T03:50:08.612Z] <<< [apiv2][status] GET https://firebase-public.firebaseio.com/cli.json 200
[debug] [2022-02-28T03:50:08.613Z] <<< [apiv2][body] GET https://firebase-public.firebaseio.com/cli.json {"cloudBuildErrorAfter":1594252800000,"cloudBuildWarnAfter":1590019200000,"defaultNode10After":1594252800000,"minVersion":"3.0.5","node8DeploysDisabledAfter":1613390400000,"node8RuntimeDisabledAfter":1615809600000,"node8WarnAfter":1600128000000}
[debug] [2022-02-28T03:50:09.740Z] <<< [apiv2][status] POST https://cloudresourcemanager.googleapis.com/v1/projects/amzon-clone-da005:testIamPermissions 200
[debug] [2022-02-28T03:50:09.741Z] <<< [apiv2][body] POST https://cloudresourcemanager.googleapis.com/v1/projects/amzon-clone-da005:testIamPermissions {"permissions":["cloudfunctions.functions.create","cloudfunctions.functions.delete","cloudfunctions.functions.get","cloudfunctions.functions.list","cloudfunctions.functions.update","cloudfunctions.operations.get","firebase.projects.get","firebasehosting.sites.update"]}
[debug] [2022-02-28T03:50:09.743Z] >>> [apiv2][query] POST https://iam.googleapis.com/v1/projects/amzon-clone-da005/serviceAccounts/amzon-clone-da005@appspot.gserviceaccount.com:testIamPermissions [none]
[debug] [2022-02-28T03:50:09.743Z] >>> [apiv2][body] POST https://iam.googleapis.com/v1/projects/amzon-clone-da005/serviceAccounts/amzon-clone-da005@appspot.gserviceaccount.com:testIamPermissions {"permissions":["iam.serviceAccounts.actAs"]}
[debug] [2022-02-28T03:50:11.782Z] <<< [apiv2][status] POST https://iam.googleapis.com/v1/projects/amzon-clone-da005/serviceAccounts/amzon-clone-da005@appspot.gserviceaccount.com:testIamPermissions 200
[debug] [2022-02-28T03:50:11.782Z] <<< [apiv2][body] POST https://iam.googleapis.com/v1/projects/amzon-clone-da005/serviceAccounts/amzon-clone-da005@appspot.gserviceaccount.com:testIamPermissions {"permissions":["iam.serviceAccounts.actAs"]}
[debug] [2022-02-28T03:50:11.783Z] >>> [apiv2][query] GET https://firebase.googleapis.com/v1beta1/projects/amzon-clone-da005 [none]
[debug] [2022-02-28T03:50:28.059Z] Failed to make request to https://firebase.googleapis.com/v1beta1/projects/amzon-clone-da005
[debug] [2022-02-28T03:50:28.606Z] FirebaseError: Failed to make request to https://firebase.googleapis.com/v1beta1/projects/amzon-clone-da005
    at RetryOperation._fn (C:\Users\jainish parmar\AppData\Roaming\npm\node_modules\firebase-tools\lib\apiv2.js:240:31)
    at processTicksAndRejections (node:internal/process/task_queues:96:5)
[error] 
[error] Error: Failed to get Firebase project amzon-clone-da005. Please make sure the project exists and your account has permission to access it.
